<?xml version="1.0" encoding="UTF-8"?>
<testsuite xmlns:xsi="http://www.w3.org/2001/XMLSchema-instance" xsi:noNamespaceSchemaLocation="https://maven.apache.org/surefire/maven-surefire-plugin/xsd/surefire-test-report.xsd" name="com.progressoft.induction.atm.ATMTest" time="0.085" tests="5" errors="0" skipped="0" failures="0">
  <properties>
[...]
</properties>
  <testcase name="givenAccountNumberThatDoesNotExist_whenWithdraw_thenShouldThrowException" classname="com.progressoft.induction.atm.ATMTest" time="0.052"/>
  <testcase name="givenAllFundsInAccountAreWithdrwan_whenWithdraw_shouldThrowException" classname="com.progressoft.induction.atm.ATMTest" time="0.003"/>
  <testcase name="whenWithdraw_thenSumOfReceivedBanknotesShouldEqualRequestedAmount" classname="com.progressoft.induction.atm.ATMTest" time="0.004"/>
  <testcase name="whenWithdrawAmountLargerThanWhatInMachine_thenShouldThrowException" classname="com.progressoft.induction.atm.ATMTest" time="0.004"/>
  <testcase name="givenValidAccountNumber_whenWithdrawAmountLargerThanTheAccountBalance_thenShouldThrowException" classname="com.progressoft.induction.atm.ATMTest" time="0.004"/>
</testsuite>